<?xml version="1.0" encoding="UTF-8"?>
<!-- Generated by org.testng.reporters.JUnitReportReporter -->
<testsuite hostname="DESKTOP-MDQS5A3" name="com.testcases.MenuTestCase" tests="1" failures="0" timestamp="8 Jul 2020 22:18:34 GMT" time="15.584" errors="0">
  <testcase name="Menu" time="15.584" classname="com.testcases.MenuTestCase"/>
</testsuite> <!-- com.testcases.MenuTestCase -->
